#
# A fatal error has been detected by the Java Runtime Environment:
#
#  Internal Error (javaClasses.cpp:136), pid=5472, tid=5968
#  fatal error: Invalid layout of preloaded class
#
# JRE version:  (7.0_60-b19) (build )
# Java VM: Java HotSpot(TM) 64-Bit Server VM (24.60-b09 mixed mode windows-amd64 compressed oops)
# Failed to write core dump. Minidumps are not enabled by default on client versions of Windows
#
# If you would like to submit a bug report, please visit:
#   http://bugreport.sun.com/bugreport/crash.jsp
#

---------------  T H R E A D  ---------------

Current thread (0x0000000002880800):  JavaThread "Unknown thread" [_thread_in_vm, id=5968, stack(0x0000000002730000,0x0000000002830000)]

Stack: [0x0000000002730000,0x0000000002830000]
[error occurred during error reporting (printing stack bounds), id 0xc0000005]


---------------  P R O C E S S  ---------------

Java Threads: ( => current thread )

Other Threads:

=>0x0000000002880800 (exited) JavaThread "Unknown thread" [_thread_in_vm, id=5968, stack(0x0000000002730000,0x0000000002830000)]

VM state:not at safepoint (not fully initialized)

VM Mutex/Monitor currently owned by a thread: None

GC Heap History (0 events):
No events

Deoptimization events (0 events):
No events

Internal exceptions (0 events):
No events

Events (10 events):
Event: 0.008 loading class 0x00000000028ceb80 done
Event: 0.009 loading class 0x00000000028ce5a0 done
Event: 0.009 loading class 0x00000000028ce580
Event: 0.009 loading class 0x00000000028d66d0
Event: 0.009 loading class 0x00000000028d66d0 done
Event: 0.009 loading class 0x00000000028d6700
Event: 0.009 loading class 0x00000000028d6700 done
Event: 0.009 loading class 0x00000000028d6730
Event: 0.009 loading class 0x00000000028d6730 done
Event: 0.009 loading class 0x00000000028ce580 done


Dynamic libraries:
0x00007ff7696b0000 - 0x00007ff7696e3000 	C:\Program Files\Java\jre7\bin\javaw.exe
0x00007ffe998d0000 - 0x00007ffe99a7a000 	C:\Windows\SYSTEM32\ntdll.dll
0x00007ffe98f90000 - 0x00007ffe990ca000 	C:\Windows\system32\KERNEL32.DLL
0x00007ffe96d60000 - 0x00007ffe96e6f000 	C:\Windows\system32\KERNELBASE.dll
0x00007ffe95870000 - 0x00007ffe958f8000 	C:\Windows\system32\apphelp.dll
0x00007ffe8e1c0000 - 0x00007ffe8e20f000 	C:\Windows\AppPatch\AppPatch64\AcGenral.DLL
0x00007ffe99780000 - 0x00007ffe99827000 	C:\Windows\system32\msvcrt.dll
0x00007ffe96a80000 - 0x00007ffe96aab000 	C:\Windows\SYSTEM32\SspiCli.dll
0x00007ffe995e0000 - 0x00007ffe99631000 	C:\Windows\system32\SHLWAPI.dll
0x00007ffe98bc0000 - 0x00007ffe98d31000 	C:\Windows\system32\USER32.dll
0x00007ffe98600000 - 0x00007ffe98778000 	C:\Windows\system32\ole32.dll
0x00007ffe97160000 - 0x00007ffe98580000 	C:\Windows\system32\SHELL32.dll
0x00007ffe96250000 - 0x00007ffe9626e000 	C:\Windows\SYSTEM32\USERENV.dll
0x00007ffe992b0000 - 0x00007ffe99355000 	C:\Windows\system32\ADVAPI32.dll
0x00007ffe8eab0000 - 0x00007ffe8eacb000 	C:\Windows\SYSTEM32\MPR.dll
0x00007ffe99640000 - 0x00007ffe99777000 	C:\Windows\system32\RPCRT4.dll
0x00007ffe99360000 - 0x00007ffe993b7000 	C:\Windows\SYSTEM32\sechost.dll
0x00007ffe990d0000 - 0x00007ffe992a6000 	C:\Windows\SYSTEM32\combase.dll
0x00007ffe98de0000 - 0x00007ffe98f24000 	C:\Windows\system32\GDI32.dll
0x00007ffe96c40000 - 0x00007ffe96c54000 	C:\Windows\SYSTEM32\profapi.dll
0x00007ffe95280000 - 0x00007ffe9531f000 	C:\Windows\SYSTEM32\SHCORE.dll
0x00007ffe99830000 - 0x00007ffe99864000 	C:\Windows\system32\IMM32.DLL
0x00007ffe994a0000 - 0x00007ffe995d9000 	C:\Windows\system32\MSCTF.dll
0x00007ffe94870000 - 0x00007ffe94aca000 	C:\Windows\WinSxS\amd64_microsoft.windows.common-controls_6595b64144ccf1df_6.0.9600.17031_none_6242a4b3ecbb55a1\COMCTL32.dll
0x0000000073980000 - 0x0000000073a52000 	C:\Program Files\Java\jre7\bin\msvcr100.dll
0x00000000731a0000 - 0x0000000073972000 	C:\Program Files\Java\jre7\bin\server\jvm.dll
0x00007ffe94f10000 - 0x00007ffe94f19000 	C:\Windows\SYSTEM32\WSOCK32.dll
0x00007ffe931e0000 - 0x00007ffe931ff000 	C:\Windows\SYSTEM32\WINMM.dll
0x00007ffe99480000 - 0x00007ffe99487000 	C:\Windows\system32\PSAPI.DLL
0x00007ffe98580000 - 0x00007ffe985d8000 	C:\Windows\system32\WS2_32.dll
0x00007ffe92ba0000 - 0x00007ffe92bca000 	C:\Windows\SYSTEM32\WINMMBASE.dll
0x00007ffe97150000 - 0x00007ffe97159000 	C:\Windows\system32\NSI.dll
0x00007ffe96d10000 - 0x00007ffe96d5a000 	C:\Windows\SYSTEM32\cfgmgr32.dll
0x00007ffe95ad0000 - 0x00007ffe95af6000 	C:\Windows\SYSTEM32\DEVOBJ.dll
0x0000000073190000 - 0x000000007319f000 	C:\Program Files\Java\jre7\bin\verify.dll
0x0000000073160000 - 0x0000000073188000 	C:\Program Files\Java\jre7\bin\java.dll
0x0000000073140000 - 0x0000000073155000 	C:\Program Files\Java\jre7\bin\zip.dll

VM Arguments:
jvm_args: -Dfile.encoding=Cp1252 -Xbootclasspath:C:\Program Files\eclipse\sdk\platforms\android-19\android.jar 
java_command: com.LyndonFawcett.MiniArchitect.android.androidLauncher
Launcher Type: SUN_STANDARD

Environment Variables:
JAVA_HOME=C:\Program Files\Java\jdk1.7.0_60
PATH=C:\Windows\system32;C:\Windows;C:\Windows\System32\Wbem;C:\Windows\System32\WindowsPowerShell\v1.0\;C:\Program Files (x86)\ATI Technologies\ATI.ACE\Core-Static;C:\adb
USERNAME=Lyndon
OS=Windows_NT
PROCESSOR_IDENTIFIER=Intel64 Family 6 Model 30 Stepping 5, GenuineIntel



---------------  S Y S T E M  ---------------

OS: Windows 8.1 , 64 bit Build 9600 

CPU:total 8 (4 cores per cpu, 2 threads per core) family 6 model 30 stepping 5, cmov, cx8, fxsr, mmx, sse, sse2, sse3, ssse3, sse4.1, sse4.2, popcnt, ht, tsc, tscinvbit

Memory: 4k page, physical 8379444k(5482892k free), swap 16768052k(11319536k free)

vm_info: Java HotSpot(TM) 64-Bit Server VM (24.60-b09) for windows-amd64 JRE (1.7.0_60-b19), built on May  7 2014 12:55:18 by "java_re" with unknown MS VC++:1600

time: Sat Aug 16 15:23:28 2014
elapsed time: 0 seconds

